[debug] [2021-05-28T06:58:42.720Z] ----------------------------------------------------------------------
[debug] [2021-05-28T06:58:42.722Z] Command:       /usr/local/bin/node /usr/local/bin/firebase emulators:start --only functions
[debug] [2021-05-28T06:58:42.723Z] CLI Version:   9.12.0
[debug] [2021-05-28T06:58:42.723Z] Platform:      darwin
[debug] [2021-05-28T06:58:42.723Z] Node Version:  v14.15.1
[debug] [2021-05-28T06:58:42.724Z] Time:          Fri May 28 2021 12:28:42 GMT+0530 (India Standard Time)
[debug] [2021-05-28T06:58:42.724Z] ----------------------------------------------------------------------
[debug] 
[debug] [2021-05-28T06:58:42.734Z] > command requires scopes: ["email","openid","https://www.googleapis.com/auth/cloudplatformprojects.readonly","https://www.googleapis.com/auth/firebase","https://www.googleapis.com/auth/cloud-platform"]
[debug] [2021-05-28T06:58:42.734Z] > authorizing via signed-in user (rosingh3342@gmail.com)
[info] i  emulators: Starting emulators: functions {"metadata":{"emulator":{"name":"hub"},"message":"Starting emulators: functions"}}
[debug] [2021-05-28T06:58:42.771Z] [hub] writing locator at /var/folders/rq/7lzx_wqs0yd67cj19cwtr5l40000gn/T/hub-foodle-eb76c.json
[warn] ⚠  functions: The following emulators are not running, calls to these services from the Functions emulator will affect production: auth, firestore, database, hosting, pubsub, storage {"metadata":{"emulator":{"name":"functions"},"message":"The following emulators are not running, calls to these services from the Functions emulator will affect production: \u001b[1mauth, firestore, database, hosting, pubsub, storage\u001b[22m"}}
[info] ✔  functions: Using node@14 from host. {"metadata":{"emulator":{"name":"functions"},"message":"Using node@14 from host."}}
[debug] [2021-05-28T06:58:42.829Z] defaultcredentials: writing to file /Users/rohan/.config/firebase/rosingh3342_gmail_com_application_default_credentials.json
[debug] [2021-05-28T06:58:42.834Z] Setting GAC to /Users/rohan/.config/firebase/rosingh3342_gmail_com_application_default_credentials.json {"metadata":{"emulator":{"name":"functions"},"message":"Setting GAC to /Users/rohan/.config/firebase/rosingh3342_gmail_com_application_default_credentials.json"}}
[debug] [2021-05-28T06:58:42.836Z] > refreshing access token with scopes: []
[debug] [2021-05-28T06:58:42.837Z] >>> HTTP REQUEST POST https://www.googleapis.com/oauth2/v3/token  
 <request body omitted>
[debug] [2021-05-28T06:58:43.042Z] <<< HTTP RESPONSE 200 {"pragma":"no-cache","cache-control":"no-cache, no-store, max-age=0, must-revalidate","expires":"Mon, 01 Jan 1990 00:00:00 GMT","date":"Fri, 28 May 2021 06:58:43 GMT","content-type":"application/json; charset=utf-8","vary":"X-Origin, Referer, Origin,Accept-Encoding","server":"scaffolding on HTTPServer2","x-xss-protection":"0","x-frame-options":"SAMEORIGIN","x-content-type-options":"nosniff","alt-svc":"h3-29=\":443\"; ma=2592000,h3-T051=\":443\"; ma=2592000,h3-Q050=\":443\"; ma=2592000,h3-Q046=\":443\"; ma=2592000,h3-Q043=\":443\"; ma=2592000,quic=\":443\"; ma=2592000; v=\"46,43\"","accept-ranges":"none","transfer-encoding":"chunked"}
[debug] [2021-05-28T06:58:43.073Z] >>> [apiv2][query] GET https://firebase.googleapis.com/v1beta1/projects/foodle-eb76c/adminSdkConfig [none]
[debug] [2021-05-28T06:58:43.762Z] <<< [apiv2][status] GET https://firebase.googleapis.com/v1beta1/projects/foodle-eb76c/adminSdkConfig 200
[debug] [2021-05-28T06:58:43.762Z] <<< [apiv2][body] GET https://firebase.googleapis.com/v1beta1/projects/foodle-eb76c/adminSdkConfig {"projectId":"foodle-eb76c","storageBucket":"foodle-eb76c.appspot.com"}
[info] i  ui: downloading ui-v1.5.0.zip... {"metadata":{"emulator":{"name":"ui"},"message":"downloading ui-v1.5.0.zip..."}}
[debug] [2021-05-28T06:58:44.305Z] >>> [apiv2][query] GET https://storage.googleapis.com/firebase-preview-drop/emulator/ui-v1.5.0.zip 
[debug] [2021-05-28T06:58:44.778Z] <<< [apiv2][status] GET https://storage.googleapis.com/firebase-preview-drop/emulator/ui-v1.5.0.zip 200
[debug] [2021-05-28T06:58:44.779Z] <<< [apiv2][body] GET https://storage.googleapis.com/firebase-preview-drop/emulator/ui-v1.5.0.zip [stream]
[debug] [2021-05-28T06:58:45.739Z] Ignoring unsupported arg: auto_download {"metadata":{"emulator":{"name":"ui"},"message":"Ignoring unsupported arg: auto_download"}}
[debug] [2021-05-28T06:58:45.739Z] Ignoring unsupported arg: port {"metadata":{"emulator":{"name":"ui"},"message":"Ignoring unsupported arg: port"}}
[debug] [2021-05-28T06:58:45.740Z] Starting Emulator UI with command {"binary":"node","args":["/Users/rohan/.cache/firebase/emulators/ui-v1.5.0/server.bundle.js"],"optionalArgs":[],"joinArgs":false} {"metadata":{"emulator":{"name":"ui"},"message":"Starting Emulator UI with command {\"binary\":\"node\",\"args\":[\"/Users/rohan/.cache/firebase/emulators/ui-v1.5.0/server.bundle.js\"],\"optionalArgs\":[],\"joinArgs\":false}"}}
[info] i  ui: Emulator UI logging to ui-debug.log {"metadata":{"emulator":{"name":"ui"},"message":"Emulator UI logging to \u001b[1mui-debug.log\u001b[22m"}}
[debug] [2021-05-28T06:58:45.872Z] Web / API server started at http://localhost:4000
 {"metadata":{"emulator":{"name":"ui"},"message":"Web / API server started at http://localhost:4000\n"}}
[info] i  functions: Watching "/Users/rohan/Documents/project/foodle/functions" for Cloud Functions... {"metadata":{"emulator":{"name":"functions"},"message":"Watching \"/Users/rohan/Documents/project/foodle/functions\" for Cloud Functions..."}}
[debug] [2021-05-28T06:58:46.018Z] [worker-pool] addWorker(~diagnostic~) {"metadata":{"emulator":{"name":"functions"},"message":"[worker-pool] addWorker(~diagnostic~)"}}
[debug] [2021-05-28T06:58:46.019Z] [worker-pool] Adding worker with key ~diagnostic~, total=1 {"metadata":{"emulator":{"name":"functions"},"message":"[worker-pool] Adding worker with key ~diagnostic~, total=1"}}
[debug] [2021-05-28T06:58:46.019Z] [worker-pool] submitWork(triggerId=) {"metadata":{"emulator":{"name":"functions"},"message":"[worker-pool] submitWork(triggerId=)"}}
[debug] [2021-05-28T06:58:46.019Z] [worker-~diagnostic~-d76333de-50e2-4bbd-93ff-df3bf2eeee3a]: Assigning socketPath: /var/folders/rq/7lzx_wqs0yd67cj19cwtr5l40000gn/T/fire_emu_17163.sock {"metadata":{"emulator":{"name":"functions"},"message":"[worker-~diagnostic~-d76333de-50e2-4bbd-93ff-df3bf2eeee3a]: Assigning socketPath: /var/folders/rq/7lzx_wqs0yd67cj19cwtr5l40000gn/T/fire_emu_17163.sock"}}
[debug] [2021-05-28T06:58:46.020Z] [worker-~diagnostic~-d76333de-50e2-4bbd-93ff-df3bf2eeee3a]: BUSY {"metadata":{"emulator":{"name":"functions"},"message":"[worker-~diagnostic~-d76333de-50e2-4bbd-93ff-df3bf2eeee3a]: BUSY"}}
[debug] [2021-05-28T06:58:46.204Z] [runtime-status] [17163] Functions runtime initialized. {"cwd":"/Users/rohan/Documents/project/foodle/functions","node_version":"14.15.1"} {"metadata":{"emulator":{"name":"functions"},"message":"[runtime-status] [17163] Functions runtime initialized. {\"cwd\":\"/Users/rohan/Documents/project/foodle/functions\",\"node_version\":\"14.15.1\"}"}}
[debug] [2021-05-28T06:58:46.207Z] [runtime-status] [17163] Disabled runtime features: undefined {"metadata":{"emulator":{"name":"functions"},"message":"[runtime-status] [17163] Disabled runtime features: undefined"}}
[debug] [2021-05-28T06:58:46.210Z] [runtime-status] [17163] Resolved module firebase-admin {"declared":true,"installed":true,"version":"9.9.0","resolution":"/Users/rohan/Documents/project/foodle/functions/node_modules/firebase-admin/lib/index.js"} {"metadata":{"emulator":{"name":"functions"},"message":"[runtime-status] [17163] Resolved module firebase-admin {\"declared\":true,\"installed\":true,\"version\":\"9.9.0\",\"resolution\":\"/Users/rohan/Documents/project/foodle/functions/node_modules/firebase-admin/lib/index.js\"}"}}
[debug] [2021-05-28T06:58:46.211Z] [runtime-status] [17163] Resolved module firebase-functions {"declared":true,"installed":true,"version":"3.14.1","resolution":"/Users/rohan/Documents/project/foodle/functions/node_modules/firebase-functions/lib/index.js"} {"metadata":{"emulator":{"name":"functions"},"message":"[runtime-status] [17163] Resolved module firebase-functions {\"declared\":true,\"installed\":true,\"version\":\"3.14.1\",\"resolution\":\"/Users/rohan/Documents/project/foodle/functions/node_modules/firebase-functions/lib/index.js\"}"}}
[debug] [2021-05-28T06:58:46.213Z] [runtime-status] [17163] Resolved module firebase-functions {"declared":true,"installed":true,"version":"3.14.1","resolution":"/Users/rohan/Documents/project/foodle/functions/node_modules/firebase-functions/lib/index.js"} {"metadata":{"emulator":{"name":"functions"},"message":"[runtime-status] [17163] Resolved module firebase-functions {\"declared\":true,\"installed\":true,\"version\":\"3.14.1\",\"resolution\":\"/Users/rohan/Documents/project/foodle/functions/node_modules/firebase-functions/lib/index.js\"}"}}
[debug] [2021-05-28T06:58:46.215Z] [runtime-status] [17163] Outgoing network have been stubbed. [{"name":"http","status":"mocked"},{"name":"http","status":"mocked"},{"name":"https","status":"mocked"},{"name":"https","status":"mocked"},{"name":"net","status":"mocked"}] {"metadata":{"emulator":{"name":"functions"},"message":"[runtime-status] [17163] Outgoing network have been stubbed. [{\"name\":\"http\",\"status\":\"mocked\"},{\"name\":\"http\",\"status\":\"mocked\"},{\"name\":\"https\",\"status\":\"mocked\"},{\"name\":\"https\",\"status\":\"mocked\"},{\"name\":\"net\",\"status\":\"mocked\"}]"}}
[debug] [2021-05-28T06:58:46.216Z] [runtime-status] [17163] Resolved module firebase-functions {"declared":true,"installed":true,"version":"3.14.1","resolution":"/Users/rohan/Documents/project/foodle/functions/node_modules/firebase-functions/lib/index.js"} {"metadata":{"emulator":{"name":"functions"},"message":"[runtime-status] [17163] Resolved module firebase-functions {\"declared\":true,\"installed\":true,\"version\":\"3.14.1\",\"resolution\":\"/Users/rohan/Documents/project/foodle/functions/node_modules/firebase-functions/lib/index.js\"}"}}
[debug] [2021-05-28T06:58:46.268Z] [runtime-status] [17163] Checked functions.config() {"config":{}} {"metadata":{"emulator":{"name":"functions"},"message":"[runtime-status] [17163] Checked functions.config() {\"config\":{}}"}}
[debug] [2021-05-28T06:58:46.268Z] [runtime-status] [17163] firebase-functions has been stubbed. {"functionsResolution":{"declared":true,"installed":true,"version":"3.14.1","resolution":"/Users/rohan/Documents/project/foodle/functions/node_modules/firebase-functions/lib/index.js"}} {"metadata":{"emulator":{"name":"functions"},"message":"[runtime-status] [17163] firebase-functions has been stubbed. {\"functionsResolution\":{\"declared\":true,\"installed\":true,\"version\":\"3.14.1\",\"resolution\":\"/Users/rohan/Documents/project/foodle/functions/node_modules/firebase-functions/lib/index.js\"}}"}}
[debug] [2021-05-28T06:58:46.271Z] [runtime-status] [17163] Resolved module firebase-functions {"declared":true,"installed":true,"version":"3.14.1","resolution":"/Users/rohan/Documents/project/foodle/functions/node_modules/firebase-functions/lib/index.js"} {"metadata":{"emulator":{"name":"functions"},"message":"[runtime-status] [17163] Resolved module firebase-functions {\"declared\":true,\"installed\":true,\"version\":\"3.14.1\",\"resolution\":\"/Users/rohan/Documents/project/foodle/functions/node_modules/firebase-functions/lib/index.js\"}"}}
[debug] [2021-05-28T06:58:46.272Z] [runtime-status] [17163] Resolved module firebase-admin {"declared":true,"installed":true,"version":"9.9.0","resolution":"/Users/rohan/Documents/project/foodle/functions/node_modules/firebase-admin/lib/index.js"} {"metadata":{"emulator":{"name":"functions"},"message":"[runtime-status] [17163] Resolved module firebase-admin {\"declared\":true,\"installed\":true,\"version\":\"9.9.0\",\"resolution\":\"/Users/rohan/Documents/project/foodle/functions/node_modules/firebase-admin/lib/index.js\"}"}}
[debug] [2021-05-28T06:58:46.273Z] [runtime-status] [17163] Resolved module firebase-functions {"declared":true,"installed":true,"version":"3.14.1","resolution":"/Users/rohan/Documents/project/foodle/functions/node_modules/firebase-functions/lib/index.js"} {"metadata":{"emulator":{"name":"functions"},"message":"[runtime-status] [17163] Resolved module firebase-functions {\"declared\":true,\"installed\":true,\"version\":\"3.14.1\",\"resolution\":\"/Users/rohan/Documents/project/foodle/functions/node_modules/firebase-functions/lib/index.js\"}"}}
[debug] [2021-05-28T06:58:46.274Z] [runtime-status] [17163] firebase-admin has been stubbed. {"adminResolution":{"declared":true,"installed":true,"version":"9.9.0","resolution":"/Users/rohan/Documents/project/foodle/functions/node_modules/firebase-admin/lib/index.js"}} {"metadata":{"emulator":{"name":"functions"},"message":"[runtime-status] [17163] firebase-admin has been stubbed. {\"adminResolution\":{\"declared\":true,\"installed\":true,\"version\":\"9.9.0\",\"resolution\":\"/Users/rohan/Documents/project/foodle/functions/node_modules/firebase-admin/lib/index.js\"}}"}}
[debug] [2021-05-28T06:58:46.274Z] [worker-~diagnostic~-d76333de-50e2-4bbd-93ff-df3bf2eeee3a]: IDLE {"metadata":{"emulator":{"name":"functions"},"message":"[worker-~diagnostic~-d76333de-50e2-4bbd-93ff-df3bf2eeee3a]: IDLE"}}
[info] 
┌─────────────────────────────────────────────────────────────┐
│ ✔  All emulators ready! It is now safe to connect your app. │
│ i  View Emulator UI at http://localhost:4000                │
└─────────────────────────────────────────────────────────────┘

┌───────────┬────────────────┬─────────────────────────────────┐
│ Emulator  │ Host:Port      │ View in Emulator UI             │
├───────────┼────────────────┼─────────────────────────────────┤
│ Functions │ localhost:5001 │ http://localhost:4000/functions │
└───────────┴────────────────┴─────────────────────────────────┘
  Emulator Hub running at localhost:4400
  Other reserved ports: 4500

Issues? Report them at https://github.com/firebase/firebase-tools/issues and attach the *-debug.log files.
 
[debug] [2021-05-28T06:59:49.625Z] File /Users/rohan/Documents/project/foodle/functions/index.js changed, reloading triggers {"metadata":{"emulator":{"name":"functions"},"message":"File /Users/rohan/Documents/project/foodle/functions/index.js changed, reloading triggers"}}
[debug] [2021-05-28T06:59:50.628Z] [worker-pool] Shutting down IDLE worker (~diagnostic~) {"metadata":{"emulator":{"name":"functions"},"message":"[worker-pool] Shutting down IDLE worker (~diagnostic~)"}}
[debug] [2021-05-28T06:59:50.629Z] [worker-~diagnostic~-d76333de-50e2-4bbd-93ff-df3bf2eeee3a]: FINISHING {"metadata":{"emulator":{"name":"functions"},"message":"[worker-~diagnostic~-d76333de-50e2-4bbd-93ff-df3bf2eeee3a]: FINISHING"}}
[debug] [2021-05-28T06:59:50.640Z] [worker-pool] addWorker(~diagnostic~) {"metadata":{"emulator":{"name":"functions"},"message":"[worker-pool] addWorker(~diagnostic~)"}}
[debug] [2021-05-28T06:59:50.640Z] [worker-pool] Adding worker with key ~diagnostic~, total=2 {"metadata":{"emulator":{"name":"functions"},"message":"[worker-pool] Adding worker with key ~diagnostic~, total=2"}}
[debug] [2021-05-28T06:59:50.640Z] [worker-pool] submitWork(triggerId=) {"metadata":{"emulator":{"name":"functions"},"message":"[worker-pool] submitWork(triggerId=)"}}
[debug] [2021-05-28T06:59:50.641Z] [worker-~diagnostic~-b544ff4e-791f-4a42-9d38-3dc9fd1e9caf]: Assigning socketPath: /var/folders/rq/7lzx_wqs0yd67cj19cwtr5l40000gn/T/fire_emu_17202.sock {"metadata":{"emulator":{"name":"functions"},"message":"[worker-~diagnostic~-b544ff4e-791f-4a42-9d38-3dc9fd1e9caf]: Assigning socketPath: /var/folders/rq/7lzx_wqs0yd67cj19cwtr5l40000gn/T/fire_emu_17202.sock"}}
[debug] [2021-05-28T06:59:50.641Z] [worker-~diagnostic~-b544ff4e-791f-4a42-9d38-3dc9fd1e9caf]: BUSY {"metadata":{"emulator":{"name":"functions"},"message":"[worker-~diagnostic~-b544ff4e-791f-4a42-9d38-3dc9fd1e9caf]: BUSY"}}
[debug] [2021-05-28T06:59:50.645Z] [worker-~diagnostic~-d76333de-50e2-4bbd-93ff-df3bf2eeee3a]: exited {"metadata":{"emulator":{"name":"functions"},"message":"[worker-~diagnostic~-d76333de-50e2-4bbd-93ff-df3bf2eeee3a]: exited"}}
[debug] [2021-05-28T06:59:50.645Z] [worker-~diagnostic~-d76333de-50e2-4bbd-93ff-df3bf2eeee3a]: FINISHED {"metadata":{"emulator":{"name":"functions"},"message":"[worker-~diagnostic~-d76333de-50e2-4bbd-93ff-df3bf2eeee3a]: FINISHED"}}
[debug] [2021-05-28T06:59:50.886Z] [runtime-status] [17202] Functions runtime initialized. {"cwd":"/Users/rohan/Documents/project/foodle/functions","node_version":"14.15.1"} {"metadata":{"emulator":{"name":"functions"},"message":"[runtime-status] [17202] Functions runtime initialized. {\"cwd\":\"/Users/rohan/Documents/project/foodle/functions\",\"node_version\":\"14.15.1\"}"}}
[debug] [2021-05-28T06:59:50.890Z] [runtime-status] [17202] Disabled runtime features: undefined {"metadata":{"emulator":{"name":"functions"},"message":"[runtime-status] [17202] Disabled runtime features: undefined"}}
[debug] [2021-05-28T06:59:50.893Z] [runtime-status] [17202] Resolved module firebase-admin {"declared":true,"installed":true,"version":"9.9.0","resolution":"/Users/rohan/Documents/project/foodle/functions/node_modules/firebase-admin/lib/index.js"} {"metadata":{"emulator":{"name":"functions"},"message":"[runtime-status] [17202] Resolved module firebase-admin {\"declared\":true,\"installed\":true,\"version\":\"9.9.0\",\"resolution\":\"/Users/rohan/Documents/project/foodle/functions/node_modules/firebase-admin/lib/index.js\"}"}}
[debug] [2021-05-28T06:59:50.895Z] [runtime-status] [17202] Resolved module firebase-functions {"declared":true,"installed":true,"version":"3.14.1","resolution":"/Users/rohan/Documents/project/foodle/functions/node_modules/firebase-functions/lib/index.js"} {"metadata":{"emulator":{"name":"functions"},"message":"[runtime-status] [17202] Resolved module firebase-functions {\"declared\":true,\"installed\":true,\"version\":\"3.14.1\",\"resolution\":\"/Users/rohan/Documents/project/foodle/functions/node_modules/firebase-functions/lib/index.js\"}"}}
[debug] [2021-05-28T06:59:50.897Z] [runtime-status] [17202] Resolved module firebase-functions {"declared":true,"installed":true,"version":"3.14.1","resolution":"/Users/rohan/Documents/project/foodle/functions/node_modules/firebase-functions/lib/index.js"} {"metadata":{"emulator":{"name":"functions"},"message":"[runtime-status] [17202] Resolved module firebase-functions {\"declared\":true,\"installed\":true,\"version\":\"3.14.1\",\"resolution\":\"/Users/rohan/Documents/project/foodle/functions/node_modules/firebase-functions/lib/index.js\"}"}}
[debug] [2021-05-28T06:59:50.900Z] [runtime-status] [17202] Outgoing network have been stubbed. [{"name":"http","status":"mocked"},{"name":"http","status":"mocked"},{"name":"https","status":"mocked"},{"name":"https","status":"mocked"},{"name":"net","status":"mocked"}] {"metadata":{"emulator":{"name":"functions"},"message":"[runtime-status] [17202] Outgoing network have been stubbed. [{\"name\":\"http\",\"status\":\"mocked\"},{\"name\":\"http\",\"status\":\"mocked\"},{\"name\":\"https\",\"status\":\"mocked\"},{\"name\":\"https\",\"status\":\"mocked\"},{\"name\":\"net\",\"status\":\"mocked\"}]"}}
[debug] [2021-05-28T06:59:50.902Z] [runtime-status] [17202] Resolved module firebase-functions {"declared":true,"installed":true,"version":"3.14.1","resolution":"/Users/rohan/Documents/project/foodle/functions/node_modules/firebase-functions/lib/index.js"} {"metadata":{"emulator":{"name":"functions"},"message":"[runtime-status] [17202] Resolved module firebase-functions {\"declared\":true,\"installed\":true,\"version\":\"3.14.1\",\"resolution\":\"/Users/rohan/Documents/project/foodle/functions/node_modules/firebase-functions/lib/index.js\"}"}}
[debug] [2021-05-28T06:59:50.977Z] [runtime-status] [17202] Checked functions.config() {"config":{}} {"metadata":{"emulator":{"name":"functions"},"message":"[runtime-status] [17202] Checked functions.config() {\"config\":{}}"}}
[debug] [2021-05-28T06:59:50.978Z] [runtime-status] [17202] firebase-functions has been stubbed. {"functionsResolution":{"declared":true,"installed":true,"version":"3.14.1","resolution":"/Users/rohan/Documents/project/foodle/functions/node_modules/firebase-functions/lib/index.js"}} {"metadata":{"emulator":{"name":"functions"},"message":"[runtime-status] [17202] firebase-functions has been stubbed. {\"functionsResolution\":{\"declared\":true,\"installed\":true,\"version\":\"3.14.1\",\"resolution\":\"/Users/rohan/Documents/project/foodle/functions/node_modules/firebase-functions/lib/index.js\"}}"}}
[debug] [2021-05-28T06:59:50.979Z] [runtime-status] [17202] Resolved module firebase-functions {"declared":true,"installed":true,"version":"3.14.1","resolution":"/Users/rohan/Documents/project/foodle/functions/node_modules/firebase-functions/lib/index.js"} {"metadata":{"emulator":{"name":"functions"},"message":"[runtime-status] [17202] Resolved module firebase-functions {\"declared\":true,\"installed\":true,\"version\":\"3.14.1\",\"resolution\":\"/Users/rohan/Documents/project/foodle/functions/node_modules/firebase-functions/lib/index.js\"}"}}
[debug] [2021-05-28T06:59:50.981Z] [runtime-status] [17202] Resolved module firebase-admin {"declared":true,"installed":true,"version":"9.9.0","resolution":"/Users/rohan/Documents/project/foodle/functions/node_modules/firebase-admin/lib/index.js"} {"metadata":{"emulator":{"name":"functions"},"message":"[runtime-status] [17202] Resolved module firebase-admin {\"declared\":true,\"installed\":true,\"version\":\"9.9.0\",\"resolution\":\"/Users/rohan/Documents/project/foodle/functions/node_modules/firebase-admin/lib/index.js\"}"}}
[debug] [2021-05-28T06:59:50.983Z] [runtime-status] [17202] Resolved module firebase-functions {"declared":true,"installed":true,"version":"3.14.1","resolution":"/Users/rohan/Documents/project/foodle/functions/node_modules/firebase-functions/lib/index.js"} {"metadata":{"emulator":{"name":"functions"},"message":"[runtime-status] [17202] Resolved module firebase-functions {\"declared\":true,\"installed\":true,\"version\":\"3.14.1\",\"resolution\":\"/Users/rohan/Documents/project/foodle/functions/node_modules/firebase-functions/lib/index.js\"}"}}
[debug] [2021-05-28T06:59:50.984Z] [runtime-status] [17202] firebase-admin has been stubbed. {"adminResolution":{"declared":true,"installed":true,"version":"9.9.0","resolution":"/Users/rohan/Documents/project/foodle/functions/node_modules/firebase-admin/lib/index.js"}} {"metadata":{"emulator":{"name":"functions"},"message":"[runtime-status] [17202] firebase-admin has been stubbed. {\"adminResolution\":{\"declared\":true,\"installed\":true,\"version\":\"9.9.0\",\"resolution\":\"/Users/rohan/Documents/project/foodle/functions/node_modules/firebase-admin/lib/index.js\"}}"}}
[info] ✔  functions[us-central1-helloWorld]: http function initialized (http://localhost:5001/foodle-eb76c/us-central1/helloWorld). {"metadata":{"emulator":{"name":"functions"},"message":"\u001b[1mhttp\u001b[22m function initialized (http://localhost:5001/foodle-eb76c/us-central1/helloWorld)."}}
[debug] [2021-05-28T06:59:50.990Z] [worker-~diagnostic~-b544ff4e-791f-4a42-9d38-3dc9fd1e9caf]: IDLE {"metadata":{"emulator":{"name":"functions"},"message":"[worker-~diagnostic~-b544ff4e-791f-4a42-9d38-3dc9fd1e9caf]: IDLE"}}
[debug] [2021-05-28T07:05:50.460Z] [work-queue] {"queueLength":1,"workRunningCount":0}
[debug] [2021-05-28T07:05:50.461Z] [work-queue] {"queueLength":0,"workRunningCount":1}
[debug] [2021-05-28T07:05:50.462Z] Accepted request GET /foodle-eb76c/us-central1/helloWorld --> us-central1-helloWorld
[debug] [2021-05-28T07:05:50.462Z] [worker-pool] Cleaned up workers for ~diagnostic~: 2 --> 1 {"metadata":{"emulator":{"name":"functions"},"message":"[worker-pool] Cleaned up workers for ~diagnostic~: 2 --> 1"}}
[debug] [2021-05-28T07:05:50.469Z] [worker-pool] addWorker(us-central1-helloWorld) {"metadata":{"emulator":{"name":"functions"},"message":"[worker-pool] addWorker(us-central1-helloWorld)"}}
[debug] [2021-05-28T07:05:50.470Z] [worker-pool] Adding worker with key us-central1-helloWorld, total=1 {"metadata":{"emulator":{"name":"functions"},"message":"[worker-pool] Adding worker with key us-central1-helloWorld, total=1"}}
[debug] [2021-05-28T07:05:50.470Z] [worker-pool] submitWork(triggerId=us-central1-helloWorld) {"metadata":{"emulator":{"name":"functions"},"message":"[worker-pool] submitWork(triggerId=us-central1-helloWorld)"}}
[debug] [2021-05-28T07:05:50.470Z] [worker-us-central1-helloWorld-45aba6ab-4983-468b-aac2-c7f5fff35a7d]: Assigning socketPath: /var/folders/rq/7lzx_wqs0yd67cj19cwtr5l40000gn/T/fire_emu_17351.sock {"metadata":{"emulator":{"name":"functions"},"message":"[worker-us-central1-helloWorld-45aba6ab-4983-468b-aac2-c7f5fff35a7d]: Assigning socketPath: /var/folders/rq/7lzx_wqs0yd67cj19cwtr5l40000gn/T/fire_emu_17351.sock"}}
[debug] [2021-05-28T07:05:50.471Z] [worker-us-central1-helloWorld-45aba6ab-4983-468b-aac2-c7f5fff35a7d]: BUSY {"metadata":{"emulator":{"name":"functions"},"message":"[worker-us-central1-helloWorld-45aba6ab-4983-468b-aac2-c7f5fff35a7d]: BUSY"}}
[debug] [2021-05-28T07:05:50.984Z] [runtime-status] [17351] Functions runtime initialized. {"cwd":"/Users/rohan/Documents/project/foodle/functions","node_version":"14.15.1"} {"metadata":{"emulator":{"name":"functions"},"function":{"name":"us-central1-helloWorld"},"message":"[runtime-status] [17351] Functions runtime initialized. {\"cwd\":\"/Users/rohan/Documents/project/foodle/functions\",\"node_version\":\"14.15.1\"}"}}
[debug] [2021-05-28T07:05:51.002Z] [runtime-status] [17351] Disabled runtime features: undefined {"metadata":{"emulator":{"name":"functions"},"function":{"name":"us-central1-helloWorld"},"message":"[runtime-status] [17351] Disabled runtime features: undefined"}}
[debug] [2021-05-28T07:05:51.007Z] [runtime-status] [17351] Resolved module firebase-admin {"declared":true,"installed":true,"version":"9.9.0","resolution":"/Users/rohan/Documents/project/foodle/functions/node_modules/firebase-admin/lib/index.js"} {"metadata":{"emulator":{"name":"functions"},"function":{"name":"us-central1-helloWorld"},"message":"[runtime-status] [17351] Resolved module firebase-admin {\"declared\":true,\"installed\":true,\"version\":\"9.9.0\",\"resolution\":\"/Users/rohan/Documents/project/foodle/functions/node_modules/firebase-admin/lib/index.js\"}"}}
[debug] [2021-05-28T07:05:51.010Z] [runtime-status] [17351] Resolved module firebase-functions {"declared":true,"installed":true,"version":"3.14.1","resolution":"/Users/rohan/Documents/project/foodle/functions/node_modules/firebase-functions/lib/index.js"} {"metadata":{"emulator":{"name":"functions"},"function":{"name":"us-central1-helloWorld"},"message":"[runtime-status] [17351] Resolved module firebase-functions {\"declared\":true,\"installed\":true,\"version\":\"3.14.1\",\"resolution\":\"/Users/rohan/Documents/project/foodle/functions/node_modules/firebase-functions/lib/index.js\"}"}}
[debug] [2021-05-28T07:05:51.019Z] [runtime-status] [17351] Resolved module firebase-functions {"declared":true,"installed":true,"version":"3.14.1","resolution":"/Users/rohan/Documents/project/foodle/functions/node_modules/firebase-functions/lib/index.js"} {"metadata":{"emulator":{"name":"functions"},"function":{"name":"us-central1-helloWorld"},"message":"[runtime-status] [17351] Resolved module firebase-functions {\"declared\":true,\"installed\":true,\"version\":\"3.14.1\",\"resolution\":\"/Users/rohan/Documents/project/foodle/functions/node_modules/firebase-functions/lib/index.js\"}"}}
[debug] [2021-05-28T07:05:51.022Z] [runtime-status] [17351] Outgoing network have been stubbed. [{"name":"http","status":"mocked"},{"name":"http","status":"mocked"},{"name":"https","status":"mocked"},{"name":"https","status":"mocked"},{"name":"net","status":"mocked"}] {"metadata":{"emulator":{"name":"functions"},"function":{"name":"us-central1-helloWorld"},"message":"[runtime-status] [17351] Outgoing network have been stubbed. [{\"name\":\"http\",\"status\":\"mocked\"},{\"name\":\"http\",\"status\":\"mocked\"},{\"name\":\"https\",\"status\":\"mocked\"},{\"name\":\"https\",\"status\":\"mocked\"},{\"name\":\"net\",\"status\":\"mocked\"}]"}}
[debug] [2021-05-28T07:05:51.024Z] [runtime-status] [17351] Resolved module firebase-functions {"declared":true,"installed":true,"version":"3.14.1","resolution":"/Users/rohan/Documents/project/foodle/functions/node_modules/firebase-functions/lib/index.js"} {"metadata":{"emulator":{"name":"functions"},"function":{"name":"us-central1-helloWorld"},"message":"[runtime-status] [17351] Resolved module firebase-functions {\"declared\":true,\"installed\":true,\"version\":\"3.14.1\",\"resolution\":\"/Users/rohan/Documents/project/foodle/functions/node_modules/firebase-functions/lib/index.js\"}"}}
[debug] [2021-05-28T07:05:51.139Z] [runtime-status] [17351] Checked functions.config() {"config":{}} {"metadata":{"emulator":{"name":"functions"},"function":{"name":"us-central1-helloWorld"},"message":"[runtime-status] [17351] Checked functions.config() {\"config\":{}}"}}
[debug] [2021-05-28T07:05:51.139Z] [runtime-status] [17351] firebase-functions has been stubbed. {"functionsResolution":{"declared":true,"installed":true,"version":"3.14.1","resolution":"/Users/rohan/Documents/project/foodle/functions/node_modules/firebase-functions/lib/index.js"}} {"metadata":{"emulator":{"name":"functions"},"function":{"name":"us-central1-helloWorld"},"message":"[runtime-status] [17351] firebase-functions has been stubbed. {\"functionsResolution\":{\"declared\":true,\"installed\":true,\"version\":\"3.14.1\",\"resolution\":\"/Users/rohan/Documents/project/foodle/functions/node_modules/firebase-functions/lib/index.js\"}}"}}
[debug] [2021-05-28T07:05:51.140Z] [runtime-status] [17351] Resolved module firebase-functions {"declared":true,"installed":true,"version":"3.14.1","resolution":"/Users/rohan/Documents/project/foodle/functions/node_modules/firebase-functions/lib/index.js"} {"metadata":{"emulator":{"name":"functions"},"function":{"name":"us-central1-helloWorld"},"message":"[runtime-status] [17351] Resolved module firebase-functions {\"declared\":true,\"installed\":true,\"version\":\"3.14.1\",\"resolution\":\"/Users/rohan/Documents/project/foodle/functions/node_modules/firebase-functions/lib/index.js\"}"}}
[debug] [2021-05-28T07:05:51.142Z] [runtime-status] [17351] Resolved module firebase-admin {"declared":true,"installed":true,"version":"9.9.0","resolution":"/Users/rohan/Documents/project/foodle/functions/node_modules/firebase-admin/lib/index.js"} {"metadata":{"emulator":{"name":"functions"},"function":{"name":"us-central1-helloWorld"},"message":"[runtime-status] [17351] Resolved module firebase-admin {\"declared\":true,\"installed\":true,\"version\":\"9.9.0\",\"resolution\":\"/Users/rohan/Documents/project/foodle/functions/node_modules/firebase-admin/lib/index.js\"}"}}
[debug] [2021-05-28T07:05:51.143Z] [runtime-status] [17351] Resolved module firebase-functions {"declared":true,"installed":true,"version":"3.14.1","resolution":"/Users/rohan/Documents/project/foodle/functions/node_modules/firebase-functions/lib/index.js"} {"metadata":{"emulator":{"name":"functions"},"function":{"name":"us-central1-helloWorld"},"message":"[runtime-status] [17351] Resolved module firebase-functions {\"declared\":true,\"installed\":true,\"version\":\"3.14.1\",\"resolution\":\"/Users/rohan/Documents/project/foodle/functions/node_modules/firebase-functions/lib/index.js\"}"}}
[debug] [2021-05-28T07:05:51.144Z] [runtime-status] [17351] firebase-admin has been stubbed. {"adminResolution":{"declared":true,"installed":true,"version":"9.9.0","resolution":"/Users/rohan/Documents/project/foodle/functions/node_modules/firebase-admin/lib/index.js"}} {"metadata":{"emulator":{"name":"functions"},"function":{"name":"us-central1-helloWorld"},"message":"[runtime-status] [17351] firebase-admin has been stubbed. {\"adminResolution\":{\"declared\":true,\"installed\":true,\"version\":\"9.9.0\",\"resolution\":\"/Users/rohan/Documents/project/foodle/functions/node_modules/firebase-admin/lib/index.js\"}}"}}
[debug] [2021-05-28T07:05:51.148Z] [runtime-status] [17351] Trigger "us-central1-helloWorld" has been found, beginning invocation! {"metadata":{"emulator":{"name":"functions"},"function":{"name":"us-central1-helloWorld"},"message":"[runtime-status] [17351] Trigger \"us-central1-helloWorld\" has been found, beginning invocation!"}}
[info] i  functions: Beginning execution of "us-central1-helloWorld" {"metadata":{"emulator":{"name":"functions"},"function":{"name":"us-central1-helloWorld"},"message":"Beginning execution of \"us-central1-helloWorld\""}}
[debug] [2021-05-28T07:05:51.149Z] [runtime-status] [17351] triggerDefinition {"httpsTrigger":{},"name":"helloWorld","entryPoint":"helloWorld","regions":["us-central1"],"region":"us-central1","id":"us-central1-helloWorld"} {"metadata":{"emulator":{"name":"functions"},"function":{"name":"us-central1-helloWorld"},"message":"[runtime-status] [17351] triggerDefinition {\"httpsTrigger\":{},\"name\":\"helloWorld\",\"entryPoint\":\"helloWorld\",\"regions\":[\"us-central1\"],\"region\":\"us-central1\",\"id\":\"us-central1-helloWorld\"}"}}
[debug] [2021-05-28T07:05:51.149Z] [runtime-status] [17351] Running us-central1-helloWorld in mode HTTPS {"metadata":{"emulator":{"name":"functions"},"function":{"name":"us-central1-helloWorld"},"message":"[runtime-status] [17351] Running us-central1-helloWorld in mode HTTPS"}}
[debug] [2021-05-28T07:05:51.158Z] [runtime-status] [17351] Attempting to listen to socketPath: /var/folders/rq/7lzx_wqs0yd67cj19cwtr5l40000gn/T/fire_emu_17351.sock {"metadata":{"emulator":{"name":"functions"},"function":{"name":"us-central1-helloWorld"},"message":"[runtime-status] [17351] Attempting to listen to socketPath: /var/folders/rq/7lzx_wqs0yd67cj19cwtr5l40000gn/T/fire_emu_17351.sock"}}
[debug] [2021-05-28T07:05:51.163Z] [functions] Runtime ready! Sending request! {"metadata":{"emulator":{"name":"functions"},"message":"[functions] Runtime ready! Sending request!"}}
[debug] [2021-05-28T07:05:51.164Z] [functions] Got req.url=/foodle-eb76c/us-central1/helloWorld, mapping to path=/ {"metadata":{"emulator":{"name":"functions"},"message":"[functions] Got req.url=/foodle-eb76c/us-central1/helloWorld, mapping to path=/"}}
[debug] [2021-05-28T07:05:51.175Z] [runtime-status] [17351] Ephemeral server handling GET request {"metadata":{"emulator":{"name":"functions"},"function":{"name":"us-central1-helloWorld"},"message":"[runtime-status] [17351] Ephemeral server handling GET request"}}
[info] >  {"structuredData":true,"severity":"INFO","message":"Hello logs!"} {"user":{"structuredData":true,"severity":"INFO","message":"Hello logs!"},"metadata":{"emulator":{"name":"functions"},"function":{"name":"us-central1-helloWorld"},"message":"\u001b[90m> \u001b[39m {\"structuredData\":true,\"severity\":\"INFO\",\"message\":\"Hello logs!\"}"}}
[debug] [2021-05-28T07:05:51.189Z] [runtime-status] [17351] Ephemeral server survived. {"metadata":{"emulator":{"name":"functions"},"function":{"name":"us-central1-helloWorld"},"message":"[runtime-status] [17351] Ephemeral server survived."}}
[info] i  functions: Finished "us-central1-helloWorld" in ~1s {"metadata":{"emulator":{"name":"functions"},"function":{"name":"us-central1-helloWorld"},"message":"Finished \"us-central1-helloWorld\" in ~1s"}}
[debug] [2021-05-28T07:05:51.203Z] [worker-us-central1-helloWorld-45aba6ab-4983-468b-aac2-c7f5fff35a7d]: IDLE {"metadata":{"emulator":{"name":"functions"},"message":"[worker-us-central1-helloWorld-45aba6ab-4983-468b-aac2-c7f5fff35a7d]: IDLE"}}
[debug] [2021-05-28T07:05:51.204Z] [work-queue] {"queueLength":0,"workRunningCount":0}
[debug] [2021-05-28T07:05:51.525Z] Functions emulator received unknown request at path /favicon.ico
